==19528== Memcheck, a memory error detector
==19528== Copyright (C) 2002-2009, and GNU GPL'd, by Julian Seward et al.
==19528== Using Valgrind-3.6.0.SVN-Debian and LibVEX; rerun with -h for copyright info
==19528== Command: ./RunCollatz.c++.app
==19528== 
1904 6464 262
6643 6959 257
1783 5658 238
4650 5630 236
5366 7638 262
4440 5169 210
5414 9602 262
475 4155 238
2605 6529 262
4657 5939 236
7341 9722 260
9162 9650 260
1690 9640 262
9161 9687 260
4634 8711 262
680 7684 262
4799 7015 262
9331 9474 198
1636 6135 238
1846 8485 262
4217 9865 262
2394 8507 262
678 6379 262
4854 8028 262
8548 8876 216
6657 6880 182
4506 7713 262
9488 9712 198
6975 7912 239
6131 8795 262
5335 7997 262
8658 9573 260
6030 7625 262
50 2352 183
7442 7852 221
4827 8997 262
5865 7032 262
3896 5902 236
442 1424 182
1817 2259 183
1401 2709 209
4962 5079 179
5253 8616 262
6615 6848 182
9828 9956 242
1333 5910 238
6361 7230 257
9821 9874 211
7660 9010 252
9127 9498 260
198 6395 262
3331 8432 262
3591 8031 262
8704 9472 260
125 4059 238
95 4989 238
6037 6756 262
5105 9238 262
8083 8155 190
9227 9831 260
3350 4154 238
2143 4244 238
2687 4083 238
7125 8244 252
7017 7357 195
7729 9390 260
2473 3462 217
6279 9179 257
6905 8950 257
467 2076 182
3475 5866 238
6832 8474 257
2344 7490 262
625 5598 238
9757 9963 242
5563 6871 262
2156 9396 262
5829 8101 262
9503 9581 198
1355 3776 238
1966 8619 262
3836 7465 262
7262 7470 239
7020 8447 252
7994 9483 260
6972 9984 260
3360 9339 262
4900 5429 210
1933 4290 238
4468 9713 262
9240 9452 260
9494 9539 198
3372 8624 262
2942 8665 262
3331 5625 238
3347 3444 181
2978 3143 186
7575 9654 260
2580 7649 262
9886 9915 242
5993 8494 262
6836 7226 257
7962 8808 252
7766 8194 252
1638 4275 238
2843 6630 262
2345 7273 262
9710 9866 211
2190 3542 217
6581 9740 260
1069 8415 262
9106 9720 260
2108 4308 238
4953 7227 262
3926 7104 262
4597 8191 262
6720 9312 260
8704 9127 247
1970 6767 262
7407 9354 260
3955 5269 215
6157 9291 262
6780 7547 257
2390 5732 238
7369 9494 260
8111 9423 260
9499 9587 198
9363 9821 198
7689 8662 252
732 6705 262
4008 7379 262
5691 7932 262
3100 4984 238
2669 3368 217
3883 8083 262
6275 9990 260
9016 9648 260
1178 8772 262
6175 8608 257
8092 9435 260
7237 9057 252
6615 8129 257
7821 9603 260
7547 9528 260
2738 8926 262
4743 4900 197
4161 4811 215
4926 9442 262
2346 4116 238
3802 7856 262
1785 7446 262
3731 9666 262
3589 9280 262
6545 8876 257
8361 9541 260
5012 7432 262
7118 8899 252
5027 8750 262
4124 9623 262
6450 7820 257
2737 7221 262
6363 8591 257
7083 9782 260
8173 9802 260
3390 4160 238
66 4841 238
5354 5382 192
6980 7095 195
142 9159 262
3447 4099 238
4611 7181 262
5439 9165 262
3382 6076 238
6118 7479 262
6479 7518 257
9433 9454 154
8992 9537 260
9594 9950 242
6062 6754 262
1653 1707 180
6183 8833 257
592 8355 262
1066 4837 238
9375 9777 198
9025 9634 260
6502 8009 257
1252 3827 238
4780 7588 262
8075 8893 234
1002 7455 262
9916 9930 149
4607 5720 236
2623 7332 262
2743 7267 262
1524 1902 180
9541 9894 242
6124 6891 262
9217 9997 260
3214 8838 262
3390 4838 238
855 1792 182
1031 2528 209
1000 2621 209
5694 6111 218
3728 4170 189
5907 7236 262
4330 7785 262
8263 8378 234
5016 5951 236
7142 7986 252
6839 7603 257
846 7335 262
3649 4972 238
5752 8069 262
2318 6050 238
5989 8876 262
343 7493 262
2496 3926 238
8539 8914 216
37 6913 262
7815 9246 252
4363 8830 262
4647 9349 262
1409 6121 238
8970 9576 260
8962 9099 185
825 4086 238
4530 6416 262
4677 5567 236
5554 9755 262
4073 6192 262
8449 8817 216
5930 9259 262
4404 4462 184
7639 7880 221
4306 7592 262
8844 9665 260
8866 9933 260
8183 8225 190
6953 8390 252
7357 8409 252
3272 8033 262
9911 9947 167
5278 9929 262
1078 5583 238
552 6807 262
6378 8985 257
9414 9695 198
6812 8729 257
5972 6008 187
6978 8642 252
765 4407 238
1806 2686 209
2319 2536 209
2727 9650 262
793 1038 179
5231 7066 262
554 4873 238
9612 9618 123
8978 9037 185
5612 7842 262
7378 8775 252
9207 9680 260
6726 6908 182
2196 4812 238
311 1726 182
409 7015 262
1095 4096 238
584 8012 262
652 2697 209
2697 9436 262
2586 7034 262
9882 9973 242
6823 8240 257
3183 3309 168
4644 8785 262
481 8312 262
9140 9232 229
3937 7812 262
1179 7260 262
8297 9159 247
8287 8563 234
222 3651 217
3150 5849 238
9509 9649 198
2163 8175 262
7897 9474 260
4215 6446 262
5068 7515 262
9559 9736 198
4778 8502 262
4154 9055 262
2272 5575 238
9131 9748 260
6200 9637 260
1917 2562 209
6000 6069 187
5257 6663 262
715 6412 262
1886 3506 217
1506 8601 262
5518 7841 262
3591 4119 238
4878 7722 262
1028 7685 262
4273 6012 236
4011 9316 262
2054 4584 238
6490 7644 257
2953 7532 262
7179 8958 252
6050 6491 262
1393 6617 262
1679 9744 262
5092 7379 262
2330 7419 262
7993 9379 260
6750 7207 257
3257 9138 262
1152 8394 262
6882 7981 257
5016 8929 262
3172 8404 262
8921 9897 260
2229 7076 262
458 7352 262
9267 9889 242
9923 9954 167
3942 4950 215
395 6474 262
6293 7326 257
9266 9994 242
2891 5655 238
3748 7142 262
4234 7024 262
2177 9586 262
2218 3980 238
77 6090 238
977 8122 262
2281 3301 217
2110 6944 262
5742 7318 262
7685 8410 252
7100 8457 252
8738 9421 260
7050 9652 260
6849 7258 257
8784 8807 141
3291 3300 137
128 599 144
6820 9552 260
4517 7410 262
6837 7373 257
5317 6094 236
5542 7910 262
4453 7038 262
4467 5553 210
919 6428 262
5759 9889 262
3759 8707 262
4621 5488 210
2045 8522 262
1404 4398 238
9392 9463 154
634 5420 238
1705 6133 238
2448 4113 238
4558 6849 262
7173 9137 252
3628 9689 262
6576 8064 257
8962 9590 260
6574 9025 257
4608 5888 236
7539 7675 177
8399 9027 247
4473 5816 236
4479 5065 210
7386 9943 260
6306 6650 244
195 8003 262
922 9365 262
7179 8113 252
620 4227 238
5057 8915 262
2628 2984 217
3760 5646 236
8435 9315 260
6395 8159 257
9372 9735 198
3500 8384 262
3682 3991 238
7968 8212 190
902 7933 262
5865 9394 262
7818 8901 252
8975 9358 260
5979 8087 262
2924 5809 238
6294 9916 260
5666 6826 262
659 1684 182
1971 4738 238
7070 9524 260
3566 8377 262
1901 7044 262
1129 4365 238
1382 4748 238
9380 9808 198
9166 9897 260
695 3673 217
1975 6761 262
7321 7910 239
6635 8506 257
5211 8828 262
6456 8489 257
8525 9927 260
1647 4965 238
8982 9202 198
4479 8915 262
9150 9223 198
8349 9360 260
7043 9216 252
1103 9922 262
1024 8639 262
7583 7764 177
9200 9900 260
2779 6375 262
6285 6447 200
1229 6805 262
2122 4348 238
3635 6443 262
3000 9301 262
2409 6759 262
6382 7360 257
5142 7461 262
3884 8941 262
9629 9936 242
7386 9456 260
6762 9681 260
1613 6902 262
162 6637 262
4051 8989 262
1644 4808 238
3460 9304 262
2734 8533 262
6247 9559 260
8559 8669 172
9663 9731 185
9758 9775 154
7950 9148 252
6121 7298 262
4616 8036 262
4548 8889 262
4723 9293 262
9272 9790 198
8069 8770 234
1162 4277 238
7289 8748 252
5421 9070 262
624 5889 238
6526 8786 257
2889 4430 238
6690 9672 260
2089 4913 238
1028 6632 262
913 8740 262
4568 6687 262
1326 7771 262
422 2288 183
2586 3695 217
9833 9916 242
2038 3053 217
9891 9920 242
4251 7951 262
4711 8800 262
4342 7305 262
8388 9871 260
7423 9199 252
8923 9872 260
3106 3507 199
543 7639 262
6670 8798 257
5 4777 238
5850 7610 262
5268 7766 262
4678 8033 262
8826 9665 260
9119 9249 229
5517 7173 262
8869 9812 260
7161 8804 252
2446 6021 238
8463 9307 260
8451 8891 216
3076 5286 238
5477 9332 262
8719 8728 172
271 498 144
2670 2966 217
6511 7981 257
2287 5517 238
6196 8362 257
9124 9299 260
4833 8030 262
7496 7574 208
1046 3572 217
38 5277 238
5753 9548 262
9310 9620 198
3977 4056 189
2097 2907 209
2321 8410 262
4331 8007 262
6729 6921 226
8064 9914 260
8264 8443 234
781 8492 262
9029 9208 198
5199 6293 262
4372 4603 215
8384 8575 203
904 9289 262
998 3172 217
1281 2717 209
5753 8810 262
7101 7136 195
8451 9489 260
3800 7566 262
1456 7664 262
1264 2165 180
4133 5607 236
7393 9290 260
6530 6702 244
9977 9993 180
1239 8754 262
6633 6835 182
6058 8322 262
2254 5710 238
1888 7992 262
674 5882 238
6386 9225 257
4161 5129 215
1962 6879 262
6939 8162 257
5761 7729 262
9953 9955 92
8339 8711 234
8282 9351 260
8477 8903 216
4926 6826 262
1135 7344 262
4654 7241 262
4373 6132 236
1944 6158 238
3144 3385 199
5280 6569 262
704 8076 262
407 2431 183
9288 9425 198
2776 6205 262
5103 8453 262
9448 9578 198
8674 8854 216
3712 8479 262
1825 6715 262
4995 8778 262
7607 9961 260
822 6523 262
4385 9815 262
4264 5062 215
2668 6258 262
1727 8648 262
8092 9539 260
8717 9663 260
3712 8193 262
5811 7171 262
3682 5791 238
1708 4004 238
7132 8512 252
1779 9537 262
3002 7372 262
5056 5500 192
263 3258 217
5402 5667 236
3122 7898 262
4334 6948 262
5308 7857 262
3902 9046 262
3746 4253 202
9567 9747 198
283 4104 238
8088 9514 260
7822 8967 252
6965 8528 252
3596 6842 262
2112 5339 238
9020 9543 260
9430 9864 211
2915 7287 262
6410 6568 200
1480 7918 262
8424 9317 260
317 6136 238
7489 9224 252
9791 9822 167
7834 8730 252
1853 7515 262
6697 7930 257
3644 4791 238
5698 9492 262
2585 5425 238
2251 8561 262
246 8570 262
9986 9989 167
767 6952 262
4928 9535 262
9503 9687 198
5974 9889 262
3294 6088 238
2973 5319 238
7369 9091 252
2218 4733 238
3607 7158 262
1328 4570 238
7360 8422 252
8788 8879 172
6246 7977 257
421 1837 182
511 9971 262
7287 9251 252
929 7033 262
9921 9941 167
77 9316 262
7157 9874 260
3681 5224 238
8129 8888 234
488 3562 217
3289 3872 238
205 2582 209
9300 9340 154
9646 9903 242
7852 8209 252
3375 5587 238
4375 6318 262
9422 9983 242
9960 9995 180
9982 9989 167
1892 7401 262
4580 8033 262
9501 9901 242
658 4088 238
7186 9803 260
9663 9885 211
9794 9948 242
2736 7048 262
1285 2799 209
9145 9473 260
9390 9871 211
331 9457 262
4341 7697 262
2580 5531 238
2359 4318 238
7435 9668 260
1660 9528 262
796 7709 262
7180 9928 260
4165 6765 262
1862 8742 262
5444 6466 262
3590 7143 262
3964 8359 262
3037 3499 199
2192 5285 238
1922 2787 209
7635 8752 252
4336 7761 262
365 7630 262
5511 7846 262
3867 4418 215
8372 9176 247
4015 8120 262
4454 4649 184
6817 8794 257
2714 4861 238
8304 9467 260
227 2932 217
1619 3607 217
7829 9556 260
9361 9582 198
8927 9224 247
4826 6644 262
9015 9644 260
8725 9400 260
2955 8642 262
7697 9897 260
4964 8119 262
9070 9671 260
2946 5739 238
3917 8136 262
4099 5480 215
1718 9520 262
4525 6347 262
1746 8679 262
7208 9562 260
7690 7855 221
4423 5103 210
3809 7671 262
7763 8543 252
7883 8243 252
8733 8820 216
47 623 144
8622 9612 260
2540 4812 238
811 6425 262
5478 8253 262
2016 7563 262
9510 9903 242
5322 9728 262
8266 8731 234
8285 8366 234
4331 7455 262
3905 6482 262
8679 9203 247
5693 8811 262
6451 7162 257
5373 5538 192
1495 2891 209
2548 7511 262
3234 7615 262
6233 9030 257
8993 9365 260
2200 2684 209
5924 6060 187
6299 9935 260
7977 9171 247
3195 4126 238
1451 3628 217
9927 9957 167
9028 9736 260
3901 8812 262
8095 9523 260
2343 7795 262
6405 8471 257
8939 9711 260
3043 7290 262
9811 9892 242
725 6334 262
1938 8413 262
1242 9086 262
1467 4949 238
5348 8292 262
7749 9670 260
6905 7656 257
2199 8948 262
6973 8345 252
2100 2992 217
3619 3638 163
5761 6937 262
1103 6060 238
4400 5017 210
5595 6681 262
8591 9656 260
125 4189 238
7372 9998 260
5925 9286 262
4977 8685 262
9060 9231 229
575 3311 217
3115 9102 262
9290 9794 198
3551 8345 262
2888 8672 262
2820 4952 238
3539 9099 262
7623 9501 260
1669 6592 262
9953 9991 167
202 2081 182
7533 8834 252
5617 8195 262
5747 5890 218
9117 9558 260
1449 2547 209
9654 9986 242
3709 8285 262
4042 8356 262
9720 9800 198
6484 6778 244
6557 9376 260
7667 7833 221
2472 4661 238
13 4543 238
9039 9758 260
1301 9487 262
657 4969 238
4696 5307 210
9360 9533 198
2345 7954 262
8286 8502 234
7386 7592 239
9085 9784 260
4290 5799 236
3411 3586 194
7717 9052 252
1628 9820 262
7658 8823 252
5608 9476 262
9423 9545 198
1177 4629 238
359 9235 262
9954 9958 92
2610 3132 217
2981 9032 262
4152 5077 215
3688 7562 262
6710 7031 257
335 565 142
1000 9516 262
8588 9874 260
7804 9041 252
429 8290 262
5024 7803 262
6308 7583 257
2106 5351 238
6838 7216 257
5982 9278 262
4186 6657 262
8372 8648 203
5905 9406 262
3544 9019 262
6574 6728 244
5971 7507 262
8059 9374 260
6819 6921 226
2320 3688 217
4583 5072 210
4318 5463 215
6770 7618 257
9813 9921 242
5877 7349 262
1329 7191 262
8550 8859 216
1682 7181 262
1204 1752 180
5144 6475 262
1919 8282 262
4708 6010 236
5351 5414 192
9977 9982 136
2487 8277 262
9471 9553 198
6546 8584 257
6869 8279 257
1810 9277 262
7735 9382 260
6758 9767 260
3793 8240 262
9288 9337 185
6250 8070 257
9191 9913 260
8204 8304 190
2877 4572 238
2679 8991 262
2306 7030 262
6969 9319 260
8523 9222 247
3581 8067 262
7903 8735 252
193 6286 262
6301 9156 257
2871 9247 262
5350 5919 236
3868 4333 202
4323 7661 262
8534 8981 247
5940 6086 187
9420 9739 198
4444 9510 262
8923 9792 260
2910 4086 238
1203 6712 262
760 5953 238
8587 8669 172
5045 5848 236
4739 9733 262
9389 9939 242
4891 6206 262
5326 5475 192
6179 9892 260
3489 4714 238
296 4367 238
486 7436 262
9376 9841 198
8899 9718 260
2270 7856 262
9551 9673 198
4384 5270 210
1193 9387 262
3612 6780 262
5539 9244 262
3442 4716 238
4552 7656 262
9583 9682 185
4941 5206 179
9048 9678 260
4706 7189 262
1367 7296 262
5606 9325 262
1915 9965 262
471 7893 262
9168 9725 260
8036 8181 190
9795 9988 242
8724 9721 260
39 1963 182
436 7467 262
5788 7934 262
5855 8830 262
9239 9676 260
8841 9889 260
8765 9668 260
9046 9175 198
9853 9926 242
4503 6789 262
2067 8379 262
7026 7613 239
154 9292 262
5255 7841 262
895 5665 238
5127 6057 236
8583 9405 260
7432 9571 260
3548 7855 262
105 3160 217
7521 9656 260
5489 9882 262
4562 8060 262
2565 3386 217
6834 6856 151
5932 9883 262
5872 7078 262
3833 9332 262
9803 9811 167
1435 3999 238
2348 3317 217
3890 6952 262
240 7874 262
7779 8305 252
5690 8520 262
3405 8838 262
288 4037 238
370 6150 238
1783 9820 262
2929 8193 262
8404 8691 203
4761 9162 262
6806 8210 257
9509 9719 198
8065 9776 260
5110 8344 262
6629 8887 257
5059 9177 262
3486 3588 194
3665 6278 262
9768 9837 198
7695 8914 252
43 3157 217
7598 7903 221
8782 9924 260
1144 7914 262
4932 7828 262
8535 8879 216
9663 9984 242
4815 5027 210
3509 9850 262
6224 6542 200
2226 5863 238
3392 7387 262
5981 8889 262
3413 7862 262
7000 7521 239
1204 8174 262
732 9111 262
5925 6879 262
8607 8954 216
5068 7155 262
2377 4181 238
2815 6875 262
1141 4255 238
2249 6338 262
6355 7971 257
1280 9905 262
4325 8739 262
7210 7767 239
297 5041 238
2509 8749 262
6265 7167 257
7688 8723 252
3886 4791 215
==19528== 
==19528== HEAP SUMMARY:
==19528==     in use at exit: 122,880 bytes in 6 blocks
==19528==   total heap usage: 7 allocs, 1 frees, 4,122,880 bytes allocated
==19528== 
==19528== LEAK SUMMARY:
==19528==    definitely lost: 0 bytes in 0 blocks
==19528==    indirectly lost: 0 bytes in 0 blocks
==19528==      possibly lost: 0 bytes in 0 blocks
==19528==    still reachable: 122,880 bytes in 6 blocks
==19528==         suppressed: 0 bytes in 0 blocks
==19528== Rerun with --leak-check=full to see details of leaked memory
==19528== 
==19528== For counts of detected and suppressed errors, rerun with: -v
==19528== ERROR SUMMARY: 0 errors from 0 contexts (suppressed: 18 from 7)
