==21453== Memcheck, a memory error detector
==21453== Copyright (C) 2002-2009, and GNU GPL'd, by Julian Seward et al.
==21453== Using Valgrind-3.6.0.SVN-Debian and LibVEX; rerun with -h for copyright info
==21453== Command: RunCollatz.c++.app
==21453== 
1 10 20
1 1 1
1 999999 476
100 1 119
214388 835833 470
17016 361928 443
390257 498593 449
257068 794546 470
652810 937305 476
28558 302611 443
339239 743187 470
346632 284875 441
404707 171856 443
59913 246090 443
503462 879526 470
867817 930798 476
430052 132306 449
277527 121542 443
458682 394410 449
902784 967941 476
84801 37359 351
737964 601710 447
330395 416929 449
913218 530154 476
936269 936390 277
879630 880078 344
582838 583304 328
47410 47878 283
533613 534381 346
667088 667763 336
177197 177342 334
262527 262922 270
57245 57358 229
474884 475430 320
212730 212914 249
14859 15114 271
464153 464658 338
994320 994477 365
930860 931387 308
353155 353380 304
81422 81925 289
594204 594479 328
476472 476800 276
124717 124785 225
824031 824093 207
58476 58572 273
683757 683953 380
999666 1000090 290
186848 187426 329
785399 785533 287
783155 783885 331
612458 612609 279
454226 454544 338
872795 873032 295
532159 532802 377
613236 613423 310
113024 113603 292
218073 218288 249
618024 618604 310
247426 247883 319
839007 839788 388
446000 446332 294
170480 171164 334
780564 780809 300
13855 14227 258
279165 279638 283
974560 975059 334
839734 840080 282
503991 504202 333
428986 429574 281
8189 8544 234
26714 26840 246
928022 928767 383
71437 71650 250
777570 777951 269
538146 538546 346
555015 555206 346
261640 262379 301
264174 264628 332
314136 314691 234
836984 837401 313
38321 38942 244
193841 194170 329
959952 960664 352
73566 73748 232
427561 428157 374
542620 543078 271
420941 421048 219
49919 50023 203
900796 901219 277
263784 264383 332
716733 717106 336
102307 102735 310
330124 330817 322
253739 254454 301
894517 895146 370
585142 585309 297
948126 948236 321
10051 10083 136
715209 715708 305
405383 405900 343
535143 535422 284
906081 906421 370
804287 804531 331
658246 658787 354
608827 609584 359
7145 7844 239
192361 192778 347
751181 751848 318
701613 701644 199
346556 347322 348
254449 254899 257
275512 275903 252
650039 650238 230
771855 771982 269
866283 866659 326
437911 438311 294
218426 218651 293
890559 891009 326
658015 658064 398
646215 646320 248
416662 417197 343
203755 204164 236
911069 911255 339
238639 239244 350
227539 227689 262
768319 768357 256
304889 305347 278
30550 30883 254
890861 891619 326
696351 697116 336
681551 682263 336
582938 583563 328
346267 346731 348
229737 230349 306
184393 184895 254
192448 192952 347
673700 674495 367
239229 239269 231
784892 785602 300
511387 511828 320
141398 142157 326
198628 198735 298
659786 660454 323
835233 835313 207
224681 225268 368
382479 382914 317
330293 330592 291
449183 449639 369
499284 499367 227
145370 145553 251
882376 882501 295
880433 881167 295
427417 427459 250
621642 622272 372
333386 333427 216
66068 66193 268
745926 746508 287
822463 822574 313
315301 315426 309
923745 923974 308
637629 638063 354
363188 363566 273
952501 952928 277
693238 693333 349
128688 128955 331
703283 703873 349
431767 432097 294
252321 252417 257
68272 68507 312
236652 236905 306
714748 714900 274
467133 467210 245
58093 58140 211
738614 738866 424
487087 487445 320
554584 554673 284
10194 10272 242
645961 646003 173
670660 671430 323
12701 12909 201
593238 593475 328
84397 84718 289
512813 513160 333
423970 424181 312
853256 853799 357
101504 101715 310
695448 696101 336
657087 657777 323
245745 246037 288
10578 10964 255
472340 473005 338
769931 770563 331
920419 920675 308
971914 972386 277
857287 858066 357
857318 857667 357
99544 99704 266
619210 619382 341
451505 451902 294
832602 833087 388
495032 495069 227
46952 47033 252
642842 643499 354
880573 881341 295
469534 469738 338
59299 59972 304
696101 696472 305
352998 353786 304
222477 222732 293
472954 473177 307
581434 581459 328
593998 594454 328
434556 435028 356
927561 928163 308
495234 495600 289
525917 526117 302
944889 945635 352
359079 359319 242
138047 138117 238
499532 499642 276
775556 775673 300
350739 351149 273
939132 939812 339
695340 695651 336
674426 674941 248
91903 92021 209
136595 137242 331
24738 25331 264
631905 632434 385
588776 589147 284
521212 521482 364
180089 180128 197
344563 345351 304
989564 990088 352
51079 51792 309
891273 891896 326
361066 361251 348
732652 733364 318
555888 556659 346
869546 869936 357
976466 977182 334
307676 308233 371
520057 520699 333
719287 719773 274
565941 566229 266
203188 203496 280
655463 655787 323
387227 387650 286
479703 479839 245
753501 753892 331
909679 910404 476
532168 532202 240
141002 141746 282
262920 263190 407
369043 369201 348
464674 465076 263
975821 976037 290
876792 877163 295
207329 207350 249
454742 455083 307
855080 855738 388
391882 392274 330
823123 823566 331
673060 673637 336
131494 131562 225
59786 60266 317
849143 849351 313
534989 535081 271
141506 142112 326
448281 448809 338
450796 451406 307
894670 895222 326
417609 417749 281
892370 892392 295
309653 310002 340
647095 647140 217
262919 263708 407
971476 971488 290
136773 136846 238
133684 133992 300
880230 880819 326
607392 608043 341
881565 882342 326
231074 231738 350
159275 159829 352
543997 544394 302
683176 683619 336
354112 354453 348
198220 198652 329
430804 431112 325
816237 816533 238
927180 927913 339
506199 506684 364
544166 544804 315
683040 683048 199
982644 983110 383
430305 430365 281
214162 214598 280
883741 884307 370
569246 569874 359
402938 402938 69
337341 337427 221
873736 874343 326
62154 62173 180
597806 597908 253
465104 465608 369
293169 293724 358
469255 469543 307
413800 414314 312
892072 892169 295
148448 148827 326
109378 109925 310
910981 911355 339
493967 494684 307
194288 194765 267
630232 630377 341
541393 541405 165
153048 153839 308
332583 332990 335
23108 23338 207
889336 890004 370
652623 653140 336
153156 153454 308
532750 532989 240
102236 102434 310
674111 674533 367
122762 123390 318
994754 995052 277
336601 337029 291
865816 866504 326
144362 144505 233
757512 758059 318
784941 785618 300
641286 641991 372
184517 184967 285
512751 512802 214
352951 353525 304
794309 794862 300
516942 517735 333
762749 762889 256
144187 144707 326
952959 953146 277
924624 924658 308
366742 366916 304
214219 214883 280
923504 924031 308
386538 387025 255
891978 892488 295
870215 870471 326
526931 527440 377
849789 850229 357
462957 463623 325
635032 635098 279
783000 783104 300
539884 539929 346
280966 281124 270
447812 448132 263
537843 538194 346
500185 500874 364
115946 116633 305
869583 869937 357
382482 382924 317
41544 42129 257
685335 685404 349
58655 58836 273
168950 169625 334
901766 902457 401
259688 259700 226
292790 293432 358
432959 432963 219
90028 90065 196
191744 191905 223
577376 577608 271
922147 922444 277
192331 192743 347
582208 582219 191
734924 735553 380
500292 500925 333
856354 856520 295
66288 66471 237
236147 236518 337
908033 908561 370
764735 764754 362
783209 783707 300
250522 251098 319
447663 448262 325
994881 995485 290
978022 978501 383
919479 919622 264
436525 436666 325
64729 65132 268
873811 874472 326
979195 979778 334
273586 273778 314
663328 663729 292
272099 272754 314
493970 494718 307
78105 78897 338
55133 55738 260
794234 794696 300
298520 298569 203
515115 515786 395
507715 507806 258
803174 803279 238
456754 457303 356
266804 267402 345
763471 764264 300
282043 282098 252
813430 814191 344
300799 301231 265
6750 7371 257
600693 601028 341
66730 66856 237
4881 5651 236
538888 539074 315
35069 35829 324
17374 18174 279
16716 16950 266
526343 526623 302
119716 120324 305
566566 567267 359
790168 790915 375
387868 388040 193
531554 531876 333
264715 265270 301
962857 963107 352
638844 639259 323
535284 536046 302
996835 997127 321
225283 225308 231
245260 245890 319
288199 288846 389
493850 494277 289
373552 373557 87
847341 847978 419
447340 447560 219
45743 45965 239
116276 117031 305
849079 849569 313
642009 642444 416
522076 522279 227
806474 806730 238
556925 557371 315
578030 578791 346
824634 824833 313
529386 529571 333
817468 817888 344
632010 632311 385
73978 74640 294
732630 733363 318
871113 871576 282
193303 193545 223
718591 718771 318
689417 689645 305
84980 85340 289
381409 381454 255
757976 758275 287
568678 569442 359
372108 372840 286
194451 195027 342
930703 930876 370
505421 506096 364
118467 118563 243
38997 39420 275
919951 920126 339
868367 868590 357
296012 296697 327
21853 22305 269
900091 900166 370
237005 237008 169
136146 136339 269
785158 785420 256
320787 320945 371
835725 835841 313
696782 697062 336
378697 379140 286
447074 447226 263
328701 328987 291
320292 320642 296
83362 83425 258
493087 493210 289
951577 952126 290
986585 987156 396
213067 213311 280
185207 185610 303
61396 61760 286
301095 301583 296
535271 535500 271
797083 797224 344
116274 116858 305
321596 321899 278
884802 885198 295
789747 790140 300
388143 388435 330
474320 474871 351
613351 613884 310
804039 804223 269
227000 227132 306
210584 211039 324
649263 649884 323
756597 756915 349
505527 505806 364
966438 966828 308
439564 440011 356
116599 117327 274
906669 906940 339
808132 808474 331
288174 288892 389
50998 51012 203
278430 279164 314
345475 346184 441
180600 180981 285
104097 104175 279
149460 149748 326
969379 969818 321
625813 626189 310
991383 991753 290
531349 531416 240
419581 419744 281
328999 329722 353
541585 542373 346
999538 1000057 290
895960 896162 339
473089 473077 307
82561 82511 183
923641 923577 308
746266 746211 256
600328 600319 235
695373 695373 106
306213 306203 216
54367 54336 203
514000 513950 258
577139 577067 372
71735 71689 232
60970 60949 180
705852 705801 274
340355 340306 229
642434 642371 292
887280 887251 264
615117 615060 235
238182 238151 182
63091 63045 255
454253 454181 294
92150 92069 253
684544 684506 168
255922 255908 226
955181 955084 246
114678 114607 199
175652 175559 272
426001 425984 312
210579 210498 218
869247 869219 251
575034 574942 297
608220 608191 204
801963 801909 251
367030 367027 136
377072 376982 286
753932 753845 256
211246 211169 311
980740 980740 78
664651 664578 323
970550 970506 215
685181 685081 217
974465 974455 321
253696 253654 288
366885 366805 242
229959 229949 156
534267 534229 284
32061 32007 254
266810 266757 239
808937 808903 238
685067 685044 217
559807 559788 209
264053 264011 301
862526 862440 295
685904 685845 261
637779 637684 310
912230 912153 233
332599 332580 229
238049 238045 99
555545 555535 222
785475 785435 287
797540 797504 194
52351 52328 172
785533 785493 194
535842 535767 271
137189 137126 176
115291 115194 274
83998 83913 196
58780 58724 273
552878 552842 284
79821 79780 214
537951 537888 196
362630 362615 242
75033 75032 157
830368 830312 176
71394 71385 126
17409 17375 204
750995 750992 150
977533 977448 321
552646 552588 284
567474 567474 116
688500 688424 261
101419 101408 204
905889 905838 246
152308 152258 308
234462 234439 182
131779 131732 176
966299 966205 365
741617 741564 256
228429 228414 262
698829 698749 274
832866 832835 388
945329 945267 246
528019 527977 271
20664 20581 212
940131 940085 308
760086 760010 256
782442 782360 238
698648 698594 274
755260 755246 212
948742 948661 277
955022 955014 246
545632 545612 209
859448 859418 220
834072 833980 189
832061 832014 207
473762 473725 294
606677 606617 279
245880 245814 257
24416 24407 158
970338 970238 290
784895 784833 225
405465 405434 343
569972 569962 240
654755 654747 155
422933 422897 268
352794 352755 273
812355 812258 313
436939 436858 294
117104 117067 168
345052 344979 260
17511 17439 173
68193 68186 312
161919 161890 290
912664 912586 339
96252 96153 191
827746 827677 207
864236 864165 251
46197 46162 239
268911 268880 195
683659 683610 230
59884 59797 242
999288 999214 339
14009 13916 183
725296 725217 274
629351 629344 217
640105 640049 217
461126 461041 276
991154 991136 184
427343 427314 299
167143 167106 184
852385 852305 282
549709 549663 284
626988 626956 279
390001 389975 343
817520 817422 269
691927 691834 442
559919 559833 271
846585 846553 220
472544 472494 276
419611 419582 281
510397 510384 152
935768 935715 202
123540 123473 194
4574 4522 184
554493 554440 209
332963 332897 229
565294 565207 253
589557 589553 129
191805 191753 192
852385 852347 251
471999 471983 170
693688 693644 199
721736 721663 230
351931 351891 291
265475 265454 270
294890 294815 234
13175 13149 214
357890 357822 255
424126 424081 250
486294 486276 183
353311 353260 273
731105 731010 318
833404 833359 282
948652 948562 264
151598 151575 233
83746 83692 258
356603 356593 273
646014 645919 186
468779 468737 170
631487 631400 217
928821 928810 233
113978 113946 199
950341 950322 246
775726 775671 225
275757 275731 252
8724 8638 203
33290 33262 205
673274 673231 305
508031 508010 134
380800 380728 180
703792 703751 305
483685 483670 139
161680 161674 215
881695 881647 264
483073 483037 245
951992 951974 153
647982 647981 186
869255 869244 251
669691 669625 261
426278 426244 281
648757 648659 323
761897 761871 225
748622 748604 225
550621 550539 346
516146 516144 103
421551 421460 268
405841 405804 237
47800 47736 252
430520 430501 219
855173 855173 220
42910 42842 195
652045 652016 204
580246 580193 222
952544 952460 414
770961 770931 256
987953 987949 171
616180 616163 204
31992 31929 223
694833 694813 212
685321 685320 155
381690 381663 224
153937 153894 233
760593 760537 287
467609 467590 201
636035 635952 310
895319 895274 233
205136 205099 236
866340 866281 269
914283 914228 264
387500 387495 193
750358 750349 137
396078 396024 299
835338 835267 295
398069 398059 144
971715 971667 290
14344 14334 196
781399 781340 318
501153 501121 258
495454 495413 289
893953 893901 295
824680 824647 313
823205 823167 331
722927 722913 243
753562 753531 331
697755 697686 230
208089 208073 280
478116 478067 351
697977 697894 243
834757 834715 189
186453 186452 117
824134 824085 238
446608 446508 263
262216 262215 133
153809 153784 233
197172 197155 236
82697 82674 183
982294 982243 321
449591 449518 294
42029 41973 182
578858 578815 266
235741 235702 200
422743 422686 281
269976 269939 345
246327 246273 213
580561 580526 253
402598 402559 237
372709 372681 242
197060 197002 223
915477 915463 215
972695 972612 277
825361 825356 194
305311 305266 203
326477 326450 185
307739 307703 190
636914 636863 310
421173 421138 219
404840 404808 237
476845 476778 245
441065 440988 263
981860 981770 321
227534 227474 262
213097 213012 280
971452 971419 290
345134 345067 185
527760 527739 165
172286 172220 272
496328 496228 289
697858 697807 230
855663 855625 176
753422 753358 256
581219 581140 204
839950 839927 207
21890 21859 238
119270 119257 243
786216 786168 238
164107 164057 259
256999 256982 239
742070 742006 212
922626 922557 233
789198 789127 300
84521 84508 134
628957 628862 235
213909 213845 373
179363 179308 241
492216 492121 258
333151 333085 260
977810 977804 184
43239 43215 195
971107 971056 290
235868 235859 151
983494 983473 308
189014 188934 179
580045 580019 222
87993 87957 178
565723 565709 160
75712 75632 232
847861 847773 251
951227 951170 264
632167 632127 385
620963 620879 310
314775 314753 172
182991 182922 334
883827 883762 295
707790 707706 274
435355 435343 188
280250 280176 283
862127 862060 295
793625 793533 269
762720 762682 287
888574 888478 264
843054 842956 269
970439 970408 184
230979 230966 187
354739 354730 242
419648 419631 250
836558 836467 313
159414 159404 83
714461 714438 274
962520 962507 277
57630 57615 273
342717 342690 304
287667 287659 190
424695 424626 250
760213 760182 225
600572 600481 235
216914 216854 293
822596 822577 207
638021 637960 248
722706 722623 287
537326 537278 253
264430 264379 301
141667 141620 220
264874 264779 301
170526 170491 228
899051 899020 202
411473 411431 193
900646 900557 264
550512 550501 209
846870 846835 251
374707 374637 273
336996 336943 260
77235 77168 232
227686 227627 262
10598 10529 193
926985 926915 233
128694 128599 269
571258 571241 235
745210 745147 256
186563 186483 285
737744 737704 287
543537 543501 359
30380 30280 210
229654 229572 231
61064 61025 255
798492 798419 256
97675 97617 178
596946 596930 204
258599 258499 301
209093 209016 280
156343 156324 184
110891 110862 230
960261 960231 233
668950 668853 292
182623 182527 316
893058 893026 189
449929 449829 224
294052 293976 265
777205 777175 300
104872 104864 173
171289 171214 241
407026 407016 175
787830 787741 269
625617 625588 297
447012 446921 294
339173 339084 260
456188 456187 245
882399 882387 127
152436 152336 264
777589 777491 269
830277 830266 251
925719 925645 339
315215 315206 172
766928 766878 225
587048 587042 191
511058 511001 227
118698 118635 305
610507 610411 266
364563 364492 273
479413 479392 276
289026 288956 234
200672 200654 143
853239 853227 207
239734 239683 275
306305 306238 265
189315 189302 192
524553 524455 302
835171 835120 207
329657 329567 309
770724 770689 238
859900 859879 233
788226 788140 269
642030 641946 354
514580 514577 196
690628 690601 199
482728 482682 245
102581 102496 235
565045 564953 253
918880 918808 339
569006 569005 178
708883 708851 274
167365 167307 290
512473 512458 196
853664 853589 220
11907 11886 144
180378 180282 241
562310 562245 253
35436 35360 174
949046 948974 246
23095 23087 176
215497 215420 280
186929 186902 223
657365 657321 217
200477 200420 236
381239 381207 149
257272 257211 270
205146 205048 267
795639 795627 194
590324 590316 191
904150 904109 264
199515 199487 267
155441 155373 308
512307 512292 196
211759 211669 236
741138 741096 194
98494 98445 235
186566 186554 254
193532 193456 192
226635 226585 368
271142 271133 164
859085 859017 251
684683 684679 168
303060 303046 203
956004 955911 308
997931 997835 277
856455 856359 264
62264 62259 136
932222 932127 264
702759 702714 380
896147 896070 202
204016 204007 205
3440 3352 181
387324 387268 193
690361 690353 261
182315 182266 272
493353 493302 289
104067 104065 142
269764 269758 200
203307 203301 161
885984 885984 52
802118 802079 313
170095 170013 290
233495 233483 169
525756 525682 240
137219 137187 331
229808 229767 306
30552 30532 192
638786 638786 111
899440 899377 251
369898 369840 286
796252 796224 207
780643 780582 300
422219 422181 157
270016 269918 345
536689 536631 240
493467 493372 183
639753 639653 248
628589 628499 217
831487 831422 274
469424 469403 307
430397 430367 281
798427 798359 269
==21453== 
==21453== HEAP SUMMARY:
==21453==     in use at exit: 24,125,064 bytes in 1,000,097 blocks
==21453==   total heap usage: 1,000,097 allocs, 0 frees, 24,125,064 bytes allocated
==21453== 
==21453== LEAK SUMMARY:
==21453==    definitely lost: 0 bytes in 0 blocks
==21453==    indirectly lost: 0 bytes in 0 blocks
==21453==      possibly lost: 24 bytes in 1 blocks
==21453==    still reachable: 24,125,040 bytes in 1,000,096 blocks
==21453==         suppressed: 0 bytes in 0 blocks
==21453== Rerun with --leak-check=full to see details of leaked memory
==21453== 
==21453== For counts of detected and suppressed errors, rerun with: -v
==21453== ERROR SUMMARY: 0 errors from 0 contexts (suppressed: 18 from 7)
