518763 557578 452
7646 288610 443
729422 57720 509
809064 297681 509
225723 166631 386
52652 779641 509
281482 221889 443
177311 785959 509
191670 316452 443
773698 544025 509
413447 76380 449
652796 536015 509
578982 574991 390
395661 603735 470
648742 27940 509
567949 331582 470
750712 221309 509
643160 11216 509
696622 648487 442
871491 36941 525
439116 846945 525
420690 323313 449
238593 943426 525
507375 725895 509
13310 197431 383
590290 19309 470
597939 357493 470
504880 44517 449
703204 761139 504
110182 274858 443
955974 83362 525
993339 869585 507
861862 672773 525
944591 982635 458
26866 28067 259
834306 464033 509
806849 748251 468
922339 129939 525
24042 974708 525
478813 26317 449
825878 552809 509
194059 399430 443
157892 404720 443
969361 136071 525
427279 343778 449
864370 601847 525
65862 456292 449
741008 895266 525
261150 581933 470
799305 996559 525
831341 711964 468
607167 99630 470
913217 491243 525
902113 825800 525
611983 612328 279
453616 238612 449
398001 309413 441
666100 247453 509
105419 277983 443
322663 930556 525
576182 102589 470
578128 188501 470
54041 810209 509
417568 875347 525
27041 483479 449
942784 446880 525
532924 477937 470
940526 552016 525
145387 648164 509
420189 66733 449
437981 779983 509
826026 481445 509
803159 138356 509
134847 307886 443
755927 293623 509
19676 509962 449
450127 289674 449
579609 7743 470
455591 665678 509
550829 808460 509
770171 575850 509
760176 578455 509
948317 825826 525
555175 481439 470
588230 945218 525
157611 980438 525
353853 902923 525
192508 126758 383
406967 738655 509
918554 327519 525
496330 168919 449
812262 369585 509
90232 882326 525
706779 309269 509
963957 708731 525
324360 697136 509
867279 676904 525
670858 970304 525
218486 261397 443
227042 693025 509
139500 155335 375
559547 665478 509
94546 11404 351
680458 746727 504
865239 676842 525
903548 296137 525
21190 183897 383
112139 127774 349
623391 605348 447
58413 88264 351
454667 52474 449
723190 883185 525
567101 165078 470
498699 38346 449
544604 246099 470
977374 195493 525
936388 190810 525
535147 696635 509
306604 282206 389
194705 731676 509
530717 291456 470
666797 556304 509
930656 732472 525
583246 839829 525
110736 752695 509
964486 660907 525
699698 594379 509
581244 787506 509
256411 489112 449
171581 674145 509
776558 574726 509
989576 555314 525
733556 763048 424
832182 330673 509
955533 82733 525
631156 747345 504
143855 611145 470
505135 367328 449
832492 378618 509
183703 820382 509
10980 727241 509
481130 780908 509
403959 435152 449
455067 235081 449
478088 948616 525
165193 626521 509
914036 112908 525
436090 939872 525
620606 806983 509
673983 607814 509
799643 486449 509
762075 615612 509
24403 826011 509
340476 889030 525
622590 830798 509
709449 670786 504
585252 627410 509
296814 421542 449
853743 422691 525
60279 496216 449
491156 43185 449
650842 419086 509
61854 283788 443
496793 218456 449
850545 255422 525
522567 963762 525
770813 305665 509
458164 660844 509
303836 38342 443
350863 130232 443
674438 714151 504
365534 756305 509
419715 801862 509
724036 148630 509
388586 622659 470
318605 138333 443
860333 237977 525
79639 760111 509
394475 907051 525
765124 521767 509
537329 800103 509
319461 244310 407
361929 334920 441
128319 165517 383
229027 146598 386
515514 838004 525
354127 579130 470
103372 565767 470
714036 10800 509
257852 388194 441
891616 175362 525
143829 266692 443
97517 619351 470
917712 540705 525
833542 596048 509
10352 442038 449
373732 478511 449
491442 917654 525
435269 386607 449
176650 145360 383
846469 207312 525
500446 237525 449
963111 632263 525
789309 590063 509
420269 235498 449
857163 966779 507
653044 687817 442
527812 208860 470
991019 802175 525
17424 292001 443
909902 179555 525
988976 571001 525
224900 534850 470
826718 169331 509
293199 397559 441
750793 842922 525
828409 786406 468
947058 323147 525
527426 90995 470
355451 698223 509
463360 664211 509
204184 11906 383
842483 536485 525
926864 508959 525
743042 830027 468
523023 746 470
320277 635574 509
254259 132609 443
631937 678340 442
884398 581719 525
442200 972781 525
836231 695711 504
870259 256263 525
793662 786544 437
680065 225507 509
742372 855367 525
997749 874071 507
419096 124060 449
675946 943356 525
398782 889433 525
306535 105388 443
224755 756210 509
195479 317044 443
67115 937510 525
578867 874547 525
503481 979259 525
283800 822321 509
588916 169134 470
811303 222030 509
137430 382801 443
596755 83214 470
895834 906315 445
684848 576362 509
449626 734357 509
883911 977882 507
992793 523728 525
662904 451263 509
35013 50707 324
914065 858541 476
343942 260780 407
736460 30120 509
418617 81695 449
172875 678827 509
887885 223368 525
392295 25051 443
753163 444741 509
444749 846645 525
915477 314011 525
84889 278488 443
30198 754783 509
792336 458726 509
415932 988809 525
872846 762139 525
350728 543778 470
346382 575729 470
411451 419843 387
145400 262794 443
555512 295072 470
894417 104477 525
380451 927513 525
897182 375262 525
627273 659137 429
983277 215483 525
336679 500751 449
477439 521225 470
349747 538031 470
787175 737578 468
18965 668465 509
244725 823956 509
412174 12012 449
921940 790542 525
255618 642643 509
540783 569158 452
571366 869364 525
352724 936087 525
379401 502266 449
232343 605889 470
56736 348068 443
947020 922114 507
839503 652850 525
515575 815607 509
458962 232166 449
596465 743529 509
985917 917902 507
964671 634638 525
425633 300082 449
939744 49210 525
214289 770329 509
965180 700846 525
312217 332908 384
727977 745296 424
226714 205857 386
327298 951693 525
236416 804510 509
397375 756581 509
586833 370171 470
204396 948742 525
970958 588323 525
824363 524151 509
120102 932253 525
608563 836933 509
420067 97868 449
796251 72693 509
911513 952549 507
386085 607618 470
815835 527624 509
713680 820488 468
249932 108795 443
317014 857922 525
406 791617 509
586029 184040 470
221458 646046 509
708960 975751 525
560149 141033 470
673 401424 443
141946 104038 354
60641 238539 443
591402 384935 470
246567 482576 449
274597 692449 509
45368 369638 443
643158 122290 509
116054 71297 354
365 14616 276
416295 487015 444
668769 300289 509
74612 835322 509
576467 513103 452
415720 891264 525
327741 228688 443
685069 290919 509
648061 299878 509
680006 810965 504
602986 102115 470
917983 484989 525
585636 546191 452
326663 987438 525
590250 472875 470
550473 62906 470
395711 297425 441
928106 375564 525
515264 789145 509
257193 500499 449
715257 19709 509
812527 858906 525
425645 944397 525
707198 133636 509
951529 697145 525
623898 686441 509
146782 82735 375
684428 27591 509
607312 697055 509
64124 115135 354
465040 939004 525
641893 835743 504
53746 832410 509
454672 887342 525
983805 177384 525
765173 294206 509
338705 466884 449
390534 261381 441
902399 989668 507
831674 401810 509
483633 184031 449
820215 59282 509
41175 516551 470
768583 542374 509
880838 811075 525
541041 77321 470
533112 232897 470
721812 909040 525
964070 36817 525
722242 661479 504
18370 773074 509
168550 685641 509
172415 133952 383
215344 451038 449
215793 625355 470
40500 336405 443
572564 204158 470
474307 721983 509
973750 619624 525
856407 784150 525
479804 27035 449
861148 402840 525
661001 634272 429
276553 190949 443
11 815307 509
156978 209480 373
667965 166397 509
133045 65994 354
462332 364407 449
704588 874770 525
511761 450376 444
542244 491796 470
487827 840110 525
172658 219968 386
154561 128764 375
61747 460168 449
839910 540223 525
586554 663644 509
991750 615460 525
578959 736565 509
722036 22743 509
882099 714772 525
506710 905905 525
605762 362494 470
170449 657362 509
721469 196242 509
178851 870312 525
460661 127162 449
661425 713025 504
728953 253648 509
563332 50303 470
90834 806874 509
435049 312761 449
808516 167591 509
571937 213246 470
513723 94753 470
290876 949980 525
300954 281829 389
501340 475685 426
596053 840852 525
865212 518073 525
20197 52560 340
717367 23998 509
674683 6287 509
366483 264266 441
687227 475610 509
905230 50025 525
749053 698087 504
784847 52431 509
978791 72128 525
645931 994409 525
404701 435870 449
560062 456946 470
798522 602248 509
342496 213136 443
219156 830544 509
554030 292134 470
778005 653524 504
184895 342342 443
726752 208784 509
931191 533833 525
854502 907234 445
30154 93595 351
244240 253382 350
782010 415754 509
245109 236148 368
309854 776520 509
403463 302441 441
593605 180750 470
137015 52139 354
221671 209821 386
889817 85043 525
18146 196756 383
811306 741797 468
283989 729334 509
965223 525884 525
248243 356028 441
779737 411674 509
868189 326692 525
401664 763753 509
565535 64341 470
469959 636445 509
746592 413301 509
205195 623138 470
398966 285459 441
191730 664864 509
699602 992268 525
454045 942452 525
653035 99306 509
652456 59731 509
359070 770777 509
742948 602705 509
412845 636796 509
492168 345355 449
880145 627291 525
706086 854575 525
558506 691306 509
143011 120816 375
861019 571055 525
816569 249479 509
161210 495037 449
328711 405323 441
403181 737728 509
769817 770553 331
23634 276530 443
532738 84565 470
111529 528900 470
705269 188907 509
199475 698689 509
923972 368513 525
46056 686997 509
162723 453817 449
156171 191612 370
164962 69595 383
134286 763175 509
756238 903260 525
462961 750784 509
791446 285849 509
62624 24288 340
68564 762371 509
308797 242050 407
720357 283925 509
747455 626213 509
454369 416912 418
995821 410845 525
150790 894263 525
275989 598467 470
212007 378726 443
589809 356644 470
27902 371239 443
635927 796730 504
820665 37174 509
955803 228884 525
508996 221366 449
691037 448439 509
530142 174814 470
796267 466828 509
54253 139844 354
17521 710558 509
76999 725076 509
115643 129317 336
925008 448620 525
732138 384454 509
945235 100756 525
570720 540172 452
23559 399976 443
729778 804633 468
904950 774419 525
673442 839887 525
460313 8640 449
733523 983279 525
887707 101822 525
654132 452273 509
295507 21209 443
880789 665782 525
412070 807045 509
452304 35187 449
745379 776182 468
390745 669420 509
402270 872854 525
86529 965487 525
574599 602566 434
786801 203235 509
968138 146590 525
233670 903794 525
564003 151335 470
416943 235771 449
247758 422437 449
987761 844907 507
723305 195304 509
728753 902830 525
624097 229075 470
668598 161296 509
727218 244215 509
11804 692775 509
36508 512483 470
600173 854728 525
386935 636855 509
763721 631085 504
240175 887524 525
827552 393842 509
797025 26732 509
536666 45293 470
280596 775647 509
223515 661294 509
230443 703412 509
368022 643926 509
690398 298018 509
745024 390961 509
6608 282130 443
159331 511728 449
320593 5963 443
551863 514870 452
682756 710680 504
144541 869202 525
166644 68532 383
965592 963703 383
360812 739034 509
900411 666609 525
961936 491571 525
352769 248948 441
691266 56748 509
953681 268658 525
779574 599108 509
132707 540486 470
780826 677814 504
73234 194957 383
343710 544890 470
907704 820594 525
255789 996858 525
744200 947579 525
442858 40098 449
687568 314015 509
742522 738018 424
395298 957387 525
256724 834163 509
436583 411854 418
979023 145610 525
764587 317396 509
941711 325201 525
27739 807468 509
500739 772250 509
758640 262863 509
702407 44354 509
179163 264988 443
715573 879077 525
864346 705474 525
325396 680411 509
579575 280209 470
954033 534811 525
914674 76755 525
902589 353797 525
626508 408983 509
613088 710882 509
540718 542613 364
208773 903975 525
972657 152635 525
137118 717228 509
374585 517914 470
304235 14680 443
104264 68092 351
722915 380769 509
303748 844964 525
996455 543783 525
456731 820698 509
778856 857431 525
161229 525149 470
989053 364466 525
757616 746827 424
211181 642420 509
973365 533006 525
321833 14836 443
967122 40236 525
622004 789694 509
976065 159130 525
941136 894910 507
276686 866894 525
31428 294420 443
665002 725638 504
108136 878448 525
681445 693771 442
695281 162884 509
80882 114805 354
196196 173218 365
123674 497401 449
466188 375664 449
338247 264272 407
306695 486100 449
420805 10948 449
267324 492243 449
263818 566676 470
976173 118403 525
39139 240333 443
68349 779676 509
355602 981435 525
974924 997815 427
162126 666399 509
713168 448888 509
343372 620956 470
53631 193397 383
758743 750339 424
160683 85003 383
326908 86837 443
832104 235987 509
267041 745273 509
679954 959313 525
701080 189960 509
64522 571727 470
862754 40329 525
684056 184580 509
286418 185766 443
342039 568778 470
127125 761307 509
946859 179409 525
629324 245701 509
518343 517754 302
719608 698458 504
607833 527614 452
422418 299048 449
281773 246159 407
949662 269642 525
344323 485427 449
581318 290643 470
763868 486372 509
218620 799342 509
637923 256979 509
391273 795572 509
840691 226395 525
586289 905852 525
442962 492266 444
452168 65400 449
189246 643169 509
72009 42935 340
863661 204114 525
21889 890334 525
791457 976207 525
878161 859018 432
953364 288582 525
947513 37018 525
784734 637559 504
839960 356482 525
682042 328565 509
948052 179664 525
160483 510261 449
205283 671615 509
919425 341190 525
462144 746690 509
386134 456382 449
921447 782961 525
819420 821293 450
778255 425776 509
570732 979337 525
463448 345857 449
794525 589164 509
622563 840983 525
382031 503186 449
753351 923938 525
547282 565965 421
229287 625600 470
63079 274611 443
342244 148572 443
818290 499382 509
931115 872216 476
523408 52851 470
737089 543291 509
671165 21611 509
165231 250113 443
858476 252643 525
848540 296698 525
252599 64537 443
146836 303512 443
760904 886065 525
438900 971086 525
95031 670417 509
861619 598440 525
166151 722149 509
24573 689562 509
999117 712855 525
895481 459809 525
171481 132464 383
611553 333120 470
575544 504195 470
418798 211237 449
457173 744187 509
518223 844366 525
973009 130785 525
885555 410501 525
776820 241258 509
445838 4644 449
677676 929203 525
999263 731425 525
572657 987244 525
34112 28355 285
855119 616332 525
224762 131907 386
76626 150763 375
661615 204912 509
534106 228463 470
142003 659090 509
360050 364384 410
48697 619417 470
392019 489262 449
509706 422852 444
404022 8250 443
910769 550994 525
665053 424508 509
187655 884997 525
388731 616161 470
585271 821262 509
991756 495902 525
756159 225487 509
624172 294934 470
473846 452310 444
872601 639284 525
138347 158826 383
176683 569833 470
250187 528918 470
604520 45269 470
90439 556064 470
378481 85103 443
36476 855089 525
270045 55317 443
742083 998224 525
276902 868904 525
463546 963900 525
636441 814590 504
950921 594614 525
833650 632606 504
305538 676987 509
605431 94821 470
431704 51759 449
681781 224776 509
847209 170637 525
486896 718227 509
689543 634898 442
19251 216284 383
357610 907876 525
671887 576493 509
513070 833985 509
92497 905081 525
642942 89240 509
44120 547039 470
510976 790448 509
49793 743833 509
712902 730479 411
508658 948300 525
691039 511702 509
353563 404912 436
742479 996597 525
164051 658426 509
307044 939212 525
152863 961591 525
144488 545050 470
152414 905195 525
681092 776228 504
139592 409141 443
56440 647067 509
553306 66562 470
756561 703732 504
21491 664910 509
115950 549629 470
488689 237154 449
919552 450602 525
326260 711397 509
289271 333354 384
40669 810015 509
789112 14950 509
282394 807784 509
845255 574035 525
391991 849245 525
231151 745253 509
694074 662200 442
603155 406555 470
134128 905324 525
906626 985202 507
858639 82304 525
448522 242489 449
78473 13099 351
43671 951984 525
757913 487100 509
739929 177094 509
399501 989631 525
64131 266419 443
614109 979675 525
121687 405467 443
133719 888872 525
567585 670733 509
639536 334118 509
497779 937808 525
833086 620946 509
5179 718546 509
37852 125897 354
610287 955667 525
18685 431612 449
660550 998747 525
13015 860539 525
315662 809885 509
635200 838391 525
846042 732897 525
878804 920048 476
482172 73523 449
950152 586201 525
131750 249822 443
964967 704 525
119097 732428 509
869036 542337 525
351157 56319 443
679133 640971 442
754994 5621 509
50954 436770 449
539334 650849 509
393886 863099 525
706656 655072 504
559457 853040 525
286706 460690 449
661466 293942 509
639495 671405 442
579314 746818 509
67657 746483 509
954370 426306 525
30147 517160 470
197333 127513 383
558630 649494 509
608044 44861 470
284319 878275 525
105820 470061 449
18006 655314 509
177139 630583 509
945117 938814 507
454003 369916 449
845597 725478 525
718788 769585 468
304120 878369 525
551085 422781 470
718521 178405 509
581464 481214 470
134373 387345 443
894525 291068 525
76501 988703 525
896074 247306 525
590427 472981 470
432571 50142 449
196436 407269 443
543724 37763 470
125351 130257 344
657159 946117 525
488000 242952 449
499751 298925 449
769829 508771 509
120158 834128 509
840917 280080 525
656883 178190 509
869867 211066 525
376429 44760 443
825665 584684 509
144969 362303 443
417233 243713 449
515065 360953 470
565703 670565 509
432539 920261 525
818918 76600 509
227034 153549 386
100968 811138 509
787419 135532 509
617706 815327 509
632175 632810 328
943825 821157 525
582323 856309 525
31105 924141 525
597986 679480 509
995844 762919 525
465610 227024 449
634661 917073 525
973726 22525 525
839656 608507 525
904982 68277 525
734388 265464 509
444220 595527 470
724717 917022 525
23003 397669 443
627212 828902 504
927464 46345 525
628403 106555 509
435445 948648 525
501794 608086 470
700746 888244 525
433328 549491 470
67774 922021 525
851665 433101 525
869001 180040 525
666719 991717 525
988984 309525 525
270562 174120 443
37400 539666 470
46282 195898 383
786803 532172 509
492108 967663 525
583608 318355 470
596577 649637 509
103910 623075 470
255407 668279 509
313324 747662 509
537946 458387 470
838245 938809 476
842437 749346 525
519621 730859 509
564761 323110 470
375214 630730 509
812720 235737 509
9565 51846 324
609692 363825 470
917151 362088 525
310762 680493 509
666675 946231 525
163572 697924 509
763654 835770 468
993879 838241 507
