667735 57213 470
190304 423800 449
333789 489221 449
262180 357629 441
132590 325729 443
723490 868339 468
670574 50885 470
984887 298744 476
843826 495431 470
260063 692735 470
788090 478664 470
723827 141593 470
333068 32796 443
632890 480967 470
722016 204133 470
949065 53515 476
741255 464728 470
27365 947592 476
818016 373585 470
880158 84091 470
673171 135385 470
703179 149635 470
691766 161605 470
139755 86229 354
206713 185790 360
816669 864971 450
658406 605402 447
552319 867247 468
674518 283742 470
199360 788091 470
907855 109694 470
482486 625562 470
682317 147762 470
53479 720201 470
283255 766422 470
237863 727354 470
971042 224457 476
250075 90731 443
731469 216464 470
998015 380238 476
265277 285224 389
21451 701131 470
127158 545876 470
427369 379930 449
560085 494943 470
420574 336408 449
1203 275667 443
409677 608944 470
829287 439496 470
922211 313977 476
84520 12454 351
997544 373012 476
982383 784487 476
956200 625029 476
211109 829877 470
762744 973612 476
207642 35841 383
452073 108371 449
161037 59134 383
393999 930021 476
232026 340178 407
546990 916782 476
985800 208867 476
794170 176165 470
463811 538429 470
128165 824880 470
873282 198389 470
172006 743586 470
711106 272145 470
560389 557876 359
523148 413131 470
981107 309642 476
994502 183221 476
377415 419322 449
861347 669215 468
122499 731133 470
757617 486476 470
263813 828818 470
667686 559130 447
349650 21131 443
565544 853612 468
242085 803503 470
200518 834611 470
226874 628527 470
944152 47312 476
651798 956566 476
695934 287500 470
247597 968500 476
778470 399208 470
827148 415732 470
856781 204961 470
89163 202472 383
868585 641300 468
549025 718361 447
911730 767873 476
964293 42657 476
543766 562231 452
10017 744399 470
624259 600481 447
59550 122269 354
106284 562475 470
351177 760736 470
811274 950597 476
523012 716707 452
687748 93373 470
671309 626721 429
327437 251573 407
658297 488202 470
214454 244140 443
206346 7188 383
648840 133884 470
191443 122195 383
559684 993469 476
791110 255703 470
750786 616654 442
994209 296583 476
339539 619886 470
510055 632969 470
681730 378115 470
669844 838867 468
305524 357415 441
279483 164179 443
822094 341314 470
357111 206002 443
956761 390929 476
709306 421390 470
489121 294235 449
129404 724429 470
181954 534777 470
726150 875049 468
947366 320362 476
583861 200202 470
424679 377541 449
814840 124145 470
205639 850289 470
269797 295249 389
563216 412614 470
66047 500593 449
951785 746294 476
866657 885638 432
969718 189189 476
620959 579634 447
317171 404145 441
954667 166627 476
105110 179098 383
490978 564006 470
932175 430787 476
646964 85653 470
879572 393667 470
644385 829827 468
786093 402074 470
198179 955880 476
22139 147747 375
977442 229989 476
766826 621220 442
132922 789120 470
154636 406409 443
776427 449724 470
682013 840530 468
888255 44645 470
472669 447234 444
179522 529243 470
218357 71053 386
608975 223839 470
679441 645460 429
424077 941193 476
198015 103733 383
656700 36077 470
341294 139404 443
785531 571838 468
392171 397628 405
558457 548252 421
680825 738462 442
786453 977721 476
515129 657761 452
604842 87974 470
569547 564031 359
96129 460158 449
878699 361812 470
576386 703135 447
808082 879261 450
887782 292722 470
180305 556035 470
440516 110512 449
876534 657915 468
714064 674126 442
675892 728098 442
341229 545411 470
523548 60680 470
400448 762365 470
578385 840463 468
612691 532478 452
874885 514766 468
611709 965449 476
373750 491030 449
581388 662518 447
862662 800198 450
841399 988210 476
858796 795919 468
327842 702337 470
850185 122422 470
785049 429751 470
139949 894986 470
280516 878012 470
546548 707796 452
536459 698731 452
554538 576383 390
202102 120160 383
805734 128857 470
988466 658373 476
129512 391727 443
385147 953634 476
801772 556885 468
510713 710193 470
458004 749859 470
678177 602769 447
357598 964202 476
874934 270306 470
609093 197285 470
226784 427366 449
567496 789998 468
163110 750949 470
706911 825904 468
946358 331633 476
185090 541885 470
526142 296748 470
427563 31017 449
776359 261070 470
98832 310109 443
205303 827965 470
825984 218565 470
119735 88285 354
221470 553556 470
334466 867328 470
299683 296935 371
11071 402708 443
861426 419727 470
956990 987610 458
451451 13983 449
471164 710019 470
140968 877369 470
199380 138446 383
365234 441473 449
987978 392960 476
88196 150345 375
179256 440879 449
646266 98984 470
347929 517813 470
198738 89610 383
627102 31879 470
100136 77996 338
201067 531533 470
686083 23824 470
419639 27892 449
648854 655694 385
718021 499705 470
601779 904299 468
978610 795217 476
669169 596276 447
240179 396082 441
514856 587441 452
534334 470755 470
737750 321146 470
70425 966316 476
885792 771380 468
562214 976547 476
159076 476072 449
464352 49332 449
655049 645657 385
924064 154936 476
498119 150756 449
706083 985586 476
393980 679472 470
821137 67179 470
983872 991398 427
972405 153778 476
617645 549598 447
900341 987944 476
647845 386474 470
621209 240401 470
169669 333388 443
952019 111364 476
11470 770874 470
745418 744425 300
696340 61542 470
186346 107610 383
443598 868821 470
208439 555947 470
90168 625521 470
455762 708866 470
499967 291027 449
414095 609174 470
700668 983731 476
856730 294040 470
604724 592641 385
874045 102346 470
83575 354498 443
146873 358927 443
876628 828340 432
268931 538734 470
28914 253963 443
891510 898749 370
728479 962799 476
713876 508148 470
173235 608109 470
744761 66861 470
63225 841767 470
906595 956762 476
68944 174826 383
255704 9712 443
844154 542005 468
110910 983527 476
74099 240951 443
214699 774524 470
665446 912354 476
918979 460793 476
164336 90876 383
471589 138678 449
443762 221533 449
133807 768088 470
235611 90967 443
836659 101858 470
544243 546436 346
652778 281307 470
12053 19214 279
523825 837509 468
520338 13258 470
612705 403941 470
966665 16290 476
307419 704280 470
28290 503464 449
906145 57231 470
214910 713402 470
371841 220324 443
802661 310354 470
687570 45852 470
792087 103641 470
468619 225967 449
970780 800995 476
706356 184702 470
488062 339489 449
583300 288397 470
549956 343228 470
427088 79640 449
499919 988387 476
708360 705395 349
128014 467065 449
329942 299246 384
201156 458296 449
64929 713998 470
638572 958229 476
82901 928029 476
39170 935304 476
646806 984638 476
877585 200126 470
614206 96971 470
12160 834510 470
784236 21367 470
547295 696847 447
468852 530100 470
51322 244063 443
229789 351824 443
38925 571702 470
893006 513966 468
228875 138443 386
630804 909551 468
917099 473386 476
272454 804216 470
422756 331762 449
568815 282690 470
943109 581305 476
867142 363287 470
413504 453315 400
988592 705027 476
590560 825181 468
586165 460614 470
133407 810929 470
53985 231799 443
116856 854416 470
597881 952803 476
584849 341606 470
884264 850097 432
272563 510005 449
644949 430882 470
935614 60142 476
154675 716441 470
478135 308305 449
741731 813667 468
603146 733862 447
690975 256797 470
139991 763339 470
751972 938485 476
489739 646334 470
487575 202096 449
525203 780024 468
313386 548773 470
169882 106327 383
715491 44061 470
153344 392876 443
468321 854116 470
122585 894487 470
679392 683172 367
796889 871647 450
590299 654294 447
877278 571706 468
192119 453356 449
118124 668084 470
447340 191332 449
443754 160925 449
364872 92915 443
327020 144333 443
832191 486136 470
737346 1564 470
441173 259866 449
743498 713625 424
449614 132127 449
507689 444471 444
264966 478946 449
429923 141863 449
512097 253047 470
516581 474877 470
796892 482334 470
703144 36482 470
651358 409436 470
378106 940453 476
220535 69254 386
512301 382811 470
876148 58780 470
785712 90739 470
241105 848194 470
415768 950684 476
94081 122979 354
638786 723617 442
423532 711046 470
246614 294967 407
43198 626974 470
136175 734950 470
146817 684545 470
324326 2434 443
210606 321744 443
691567 114476 470
684892 277258 470
924925 112041 476
320217 23795 443
423486 599187 470
371853 330450 441
389089 952246 476
453850 894145 470
507568 842322 470
269693 192059 443
609935 648246 447
880622 553537 468
279742 320424 389
800007 958021 476
681216 706423 442
562219 641974 447
571468 226110 470
155140 402832 443
459213 306826 449
825103 480902 470
745279 328240 470
337997 516584 470
383095 165651 443
629537 644776 416
213363 917175 476
278382 11341 443
468660 237401 449
580517 249655 470
600172 273077 470
720526 798799 468
518847 86145 470
621429 515792 452
120029 383664 443
753024 37102 470
590525 79956 470
512412 720833 452
220116 71059 386
845190 357218 470
112972 697976 470
657425 305852 470
319605 503890 449
445005 128616 449
423774 910530 476
327250 815246 470
355903 982219 476
54928 505988 449
323277 524361 470
908572 223552 470
702424 391846 470
764765 37073 470
213162 634122 470
681910 981455 476
48246 902011 470
657332 457202 470
25899 750036 470
408368 857347 470
741068 93114 470
746090 567287 447
928693 764601 476
142414 237070 443
73872 411172 449
165129 456394 449
830503 96359 470
208869 497010 449
14122 58213 340
124155 203777 383
359629 259558 441
285052 236325 407
981986 375301 476
390278 325284 441
131680 988293 476
870042 999534 476
278764 296442 389
433138 954943 476
493417 824733 470
528889 436774 470
555576 532229 452
237250 854368 470
941848 980674 458
408689 3229 443
412119 191207 449
231583 353463 441
240325 324567 407
756919 132006 470
700154 655923 442
55070 980035 476
737000 522643 452
877618 733713 468
113326 16156 354
290442 428805 449
95875 732351 470
756537 430672 470
288836 831968 470
372353 331047 441
209255 598493 470
501341 568783 470
446616 950791 476
252854 369820 441
3199 584579 470
822852 940094 476
455767 57503 449
286679 250267 407
678616 849936 468
373841 474260 449
912100 631811 476
597198 656098 447
244525 127285 443
86018 413376 449
816534 831119 450
182515 548117 470
463873 702566 470
893061 960739 476
11471 224967 386
926 835627 470
78018 388871 443
913261 30812 476
785295 981447 476
778919 625819 468
695304 397806 470
556548 863596 468
109183 480384 449
677538 372310 470
300350 853192 470
681077 252874 470
786812 17049 470
795155 813431 468
687968 384752 470
584593 907465 468
415545 946340 476
292225 312914 384
699088 749937 424
354057 536386 470
779214 685504 468
222088 205482 386
599156 618289 447
855836 52485 470
777298 982334 476
634457 37046 470
568999 483961 470
88482 593614 470
129788 24208 354
170069 552009 470
727085 763470 424
549955 63835 470
219154 274000 443
505624 20648 449
213733 158575 370
314710 974326 476
129569 304481 443
283010 359581 441
65469 927643 476
887980 231008 470
978590 684074 476
663557 728628 442
702180 219005 470
393845 891802 470
149805 828166 470
224840 572490 470
2798 29753 308
355070 525147 470
853240 904045 432
260661 463567 449
771892 907646 468
155650 574426 470
973680 241310 476
813304 357575 470
975029 698363 476
555544 594361 434
868822 714543 468
879869 891656 401
688310 635657 429
919576 701635 476
419061 110672 449
644157 155414 470
880611 254253 470
824765 454393 470
163070 812003 470
658827 814206 468
886288 246092 470
289641 979642 476
143851 224151 386
916478 657199 476
684762 312077 470
100157 257435 443
693581 19881 470
264177 882509 470
935263 655482 476
611619 702351 447
418038 468994 444
692093 161881 470
310975 935828 476
617344 374883 470
591585 861509 468
542982 713290 452
185552 340050 443
331722 487036 449
991676 512418 476
729841 373373 470
613294 922787 476
71034 367359 443
613992 696855 447
313096 839742 470
498297 666344 470
863827 4264 470
12050 268403 443
374604 228361 443
467420 297167 449
244623 200677 443
829421 773457 468
839987 585509 468
781638 387507 470
652203 845573 468
144336 554325 470
120859 38221 354
458018 911213 476
485495 356580 449
783919 210456 470
609219 746143 447
919562 286860 476
412373 968829 476
760580 276542 470
665810 363429 470
333297 957653 476
191610 191842 298
435546 227250 449
202437 422489 449
39064 728003 470
399536 222300 443
821391 363925 470
500176 441002 444
734953 731000 380
318250 754453 470
997172 524367 476
476174 819244 470
738096 652965 442
880769 372916 470
498465 817069 470
139423 812123 470
397992 82197 443
776009 190263 470
673541 560818 447
382992 393518 436
545399 988092 476
863112 409970 470
393585 990985 476
35329 716619 470
82167 906335 470
61091 159251 383
886155 863030 432
526595 605477 452
679696 808593 468
781774 515944 468
392163 62924 443
888176 195970 470
945281 783848 476
465274 766430 470
685978 461323 470
901487 304809 470
731705 154984 470
215136 458212 449
462688 232974 449
696921 478357 470
989655 899916 476
558845 699070 447
370188 795147 470
301312 548607 470
763331 227430 470
164625 711360 470
696423 199853 470
316701 932963 476
121849 993021 476
997402 802599 476
890983 655453 468
760651 804894 468
462809 395144 449
163633 489880 449
142735 849941 470
781000 396506 470
156191 244681 443
916772 289084 476
576015 677899 447
226988 20511 386
131962 408912 443
629508 883269 468
641983 34346 470
396926 725250 470
645777 558664 447
377209 165738 443
652019 756255 442
756821 874202 468
815886 368053 470
176103 490327 449
911319 874462 476
267978 963015 476
798681 341744 470
836727 923326 476
109817 249525 443
587216 414403 470
63913 984721 476
415411 699761 470
471308 456905 444
527074 139338 470
197851 1980 383
545464 643857 452
326056 715464 470
621403 370931 470
235390 130753 443
564562 825568 468
908030 232100 470
371974 169075 443
131234 918009 476
197502 656412 470
411040 100641 449
856059 49326 470
32556 973477 476
179595 564156 470
45923 176540 383
437698 601652 470
501658 785353 470
477645 890874 470
515582 600733 452
250723 108814 443
957359 223391 476
26481 767971 470
477168 623690 470
666461 249124 470
219333 374756 443
917085 715485 476
232951 968645 476
442470 53961 449
835406 824659 419
630866 877555 468
144387 71818 375
938900 218226 476
556889 910065 468
690235 739997 442
835696 823472 419
710967 317229 470
500099 370372 449
742553 643629 442
837642 31557 470
288060 113805 443
347243 978603 476
36428 62185 340
384994 180160 443
981631 851357 476
574027 54830 470
872025 598869 468
736602 667657 442
387748 293710 441
656754 799493 468
446759 11331 449
649638 170780 470
605666 95796 470
519897 549622 452
940552 433459 476
936983 194931 476
178579 712127 470
49106 896680 470
560671 412749 470
680387 951680 476
850590 164140 470
722810 856616 468
531469 317561 470
534827 942201 476
851604 615914 468
526828 659063 452
502346 509999 382
96246 136722 354
248901 139902 443
901870 159421 470
882962 221610 470
318933 655181 470
681985 208368 470
253744 598121 470
89895 981843 476
567890 209137 470
780024 619027 468
282918 16485 443
712419 644244 442
874101 336016 470
672150 442589 470
865890 807501 450
588241 434540 470
853095 385219 470
209989 629112 470
383795 666511 470
146727 829269 470
720581 886127 468
431957 820642 470
469491 990173 476
345177 990312 476
666001 328667 470
122757 679283 470
984395 989105 427
721491 68387 470
272277 117913 443
122057 427908 449
521277 533765 408
373448 851134 470
257075 643167 470
773274 882741 468
239429 717461 470
75743 353635 443
560654 216205 470
765194 328784 470
299091 208919 443
26432 661600 470
328450 492344 449
816346 330761 470
103627 656517 470
657457 116969 470
690258 106956 470
293370 315558 384
597770 61596 470
363429 348678 379
567919 395812 470
284838 635375 470
138027 795353 470
809817 803104 406
43540 104759 351
992670 783961 476
432739 856532 470
977449 264173 476
906946 318669 470
868781 191346 470
505508 228620 449
295450 239300 407
911388 918894 401
216070 190437 373
971021 356547 476
998121 659228 476
39169 27570 324
38518 85782 351
843004 916777 476
186898 266995 443
493984 42880 449
485846 923638 476
188827 766989 470
931824 511560 476
606841 570350 434
590070 330322 470
659666 406186 470
399573 317411 441
81359 554964 470
543629 888060 468
529644 119218 470
206917 744508 470
200168 698810 470
888411 297835 470
47909 322764 443
974262 436239 476
979097 250054 476
977522 239983 476
783009 812859 468
10469 431634 449
853710 526342 468
96915 851176 470
935995 867634 476
980494 629449 476
906979 880984 401
499905 18419 449
485221 537038 470
451395 783201 470
926904 704970 476
114934 855376 470
66515 327386 443
730616 217282 470
652272 20912 470
849204 941937 476
329516 275241 389
435709 911826 476
305526 317086 384
272684 273882 314
171017 641648 470
844774 118564 470
208410 694079 470
963163 216081 476
837254 579756 468
475647 740255 470
37834 731048 470
403855 403428 343
560902 877181 468
475884 11253 449
641745 822687 468
79105 906195 470
989762 224446 476
712229 298851 470
161421 959987 476
294946 683476 470
534453 34789 470
526539 816149 468
930820 664453 476
698852 459364 470
667568 321218 470
536391 689185 452
92268 673452 470
126737 13591 354
586891 13437 470
924692 794203 476
847413 69012 470
352618 274257 441
630860 32951 470
220552 269908 443
70767 940997 476
723023 841570 468
45546 602386 470
16400 795036 470
772794 884608 468
135410 621204 470
715710 167639 470
921533 584999 476
531758 30916 470
61394 999707 476
187868 583197 470
463660 388813 449
625674 239621 470
307005 418679 449
298018 391960 441
57506 404064 443
41761 271886 443
519054 129842 470
864737 161577 470
841674 765038 468
204799 823212 470
653047 696945 442
563693 594338 434
712069 854986 468
211982 124952 383
361515 784199 470
965384 943989 414
577147 636572 447
839924 172320 470
106537 971480 476
300083 326897 384
459095 926447 476
892275 842601 432
873706 357232 470
144025 63764 375
427588 997687 476
933561 136042 476
387083 87256 443
119965 68553 354
353423 431053 449
625417 498489 470
578509 928014 476
213105 383374 443
500202 499224 395
391474 261148 441
578097 129913 470
731601 422900 470
642063 777068 468
147074 605734 470
173064 267063 443
626348 424984 470
822614 351229 470
619679 33090 470
815566 240566 470
992448 820344 476
79462 970336 476
